<?xml version="1.0" encoding="UTF-8"?>
<testsuite name="com.example.kotlinspringpractice.util.StreamOperationsTest" tests="13" skipped="0" failures="0" errors="0" timestamp="2025-08-09T06:54:50" hostname="SYM-PC" time="0.231">
  <properties/>
  <testcase name="重複除去とユニーク操作のテスト()" classname="com.example.kotlinspringpractice.util.StreamOperationsTest" time="0.104"/>
  <testcase name="検索操作のテスト()" classname="com.example.kotlinspringpractice.util.StreamOperationsTest" time="0.02"/>
  <testcase name="フラット化操作のテスト()" classname="com.example.kotlinspringpractice.util.StreamOperationsTest" time="0.004"/>
  <testcase name="ソート操作のテスト()" classname="com.example.kotlinspringpractice.util.StreamOperationsTest" time="0.013"/>
  <testcase name="実用的なKotlin Collection操作の例()" classname="com.example.kotlinspringpractice.util.StreamOperationsTest" time="0.024"/>
  <testcase name="条件チェック操作のテスト()" classname="com.example.kotlinspringpractice.util.StreamOperationsTest" time="0.007"/>
  <testcase name="集約操作のテスト()" classname="com.example.kotlinspringpractice.util.StreamOperationsTest" time="0.016"/>
  <testcase name="フィルタリング操作のテスト()" classname="com.example.kotlinspringpractice.util.StreamOperationsTest" time="0.001"/>
  <testcase name="統計操作のテスト()" classname="com.example.kotlinspringpractice.util.StreamOperationsTest" time="0.001"/>
  <testcase name="パーティション操作のテスト()" classname="com.example.kotlinspringpractice.util.StreamOperationsTest" time="0.003"/>
  <testcase name="グループ化操作のテスト()" classname="com.example.kotlinspringpractice.util.StreamOperationsTest" time="0.001"/>
  <testcase name="Sequence vs Collection の動作確認()" classname="com.example.kotlinspringpractice.util.StreamOperationsTest" time="0.019"/>
  <testcase name="マッピング操作のテスト()" classname="com.example.kotlinspringpractice.util.StreamOperationsTest" time="0.003"/>
  <system-out><![CDATA[=== Sequence (遅延評価) ===
Filtering: Alice
Filtering: Bob
Mapping: Bob
Filtering: Charlie
Mapping: Charlie
Filtering: Diana
Mapping: Diana

=== Collection (即座評価) ===
Filtering: Alice
Filtering: Bob
Filtering: Charlie
Filtering: Diana
Filtering: Eve
Filtering: Frank
Filtering: Grace
Mapping: Bob
Mapping: Charlie
Mapping: Diana
Mapping: Frank
]]></system-out>
  <system-err><![CDATA[]]></system-err>
</testsuite>
