<?xml version="1.0" encoding="UTF-8"?>
<testsuite name="com.example.kotlinspringpractice.controller.HelloControllerTest" tests="2" skipped="0" failures="0" errors="0" timestamp="2025-08-09T05:02:49" hostname="SYM-PC" time="0.237">
  <properties/>
  <testcase name="should return health status()" classname="com.example.kotlinspringpractice.controller.HelloControllerTest" time="0.224"/>
  <testcase name="should return hello message()" classname="com.example.kotlinspringpractice.controller.HelloControllerTest" time="0.01"/>
  <system-out><![CDATA[2025-08-09T14:02:48.856+09:00  INFO 42684 --- [kotlin-spring-practice] [    Test worker] t.c.s.AnnotationConfigContextLoaderUtils : Could not detect default configuration classes for test class [com.example.kotlinspringpractice.controller.HelloControllerTest]: HelloControllerTest does not declare any static, non-private, non-final, nested classes annotated with @Configuration.
2025-08-09T14:02:48.872+09:00  INFO 42684 --- [kotlin-spring-practice] [    Test worker] .b.t.c.SpringBootTestContextBootstrapper : Found @SpringBootConfiguration com.example.kotlinspringpractice.KotlinSpringPracticeApplication for test class com.example.kotlinspringpractice.controller.HelloControllerTest

  .   ____          _            __ _ _
 /\\ / ___'_ __ _ _(_)_ __  __ _ \ \ \ \
( ( )\___ | '_ | '_| | '_ \/ _` | \ \ \ \
 \\/  ___)| |_)| | | | | || (_| |  ) ) ) )
  '  |____| .__|_| |_|_| |_\__, | / / / /
 =========|_|==============|___/=/_/_/_/
 :: Spring Boot ::                (v3.2.0)

2025-08-09T14:02:48.903+09:00  INFO 42684 --- [kotlin-spring-practice] [    Test worker] c.e.k.controller.HelloControllerTest     : Starting HelloControllerTest using Java 21.0.2 with PID 42684 (started by sympa in D:\dev_git\kotlin-spring-practice)
2025-08-09T14:02:48.903+09:00 DEBUG 42684 --- [kotlin-spring-practice] [    Test worker] c.e.k.controller.HelloControllerTest     : Running with Spring Boot v3.2.0, Spring v6.1.1
2025-08-09T14:02:48.903+09:00  INFO 42684 --- [kotlin-spring-practice] [    Test worker] c.e.k.controller.HelloControllerTest     : No active profile set, falling back to 1 default profile: "default"
2025-08-09T14:02:48.907+09:00 DEBUG 42684 --- [kotlin-spring-practice] [    Test worker] o.s.w.c.s.GenericWebApplicationContext   : Refreshing org.springframework.web.context.support.GenericWebApplicationContext@7f9b46ed
2025-08-09T14:02:49.126+09:00  INFO 42684 --- [kotlin-spring-practice] [    Test worker] .s.d.r.c.RepositoryConfigurationDelegate : Bootstrapping Spring Data JPA repositories in DEFAULT mode.
2025-08-09T14:02:49.134+09:00  INFO 42684 --- [kotlin-spring-practice] [    Test worker] .s.d.r.c.RepositoryConfigurationDelegate : Finished Spring Data repository scanning in 6 ms. Found 1 JPA repository interface.
2025-08-09T14:02:49.261+09:00  INFO 42684 --- [kotlin-spring-practice] [    Test worker] o.hibernate.jpa.internal.util.LogHelper  : HHH000204: Processing PersistenceUnitInfo [name: default]
2025-08-09T14:02:49.264+09:00  INFO 42684 --- [kotlin-spring-practice] [    Test worker] o.h.c.internal.RegionFactoryInitiator    : HHH000026: Second-level cache disabled
2025-08-09T14:02:49.269+09:00  INFO 42684 --- [kotlin-spring-practice] [    Test worker] o.s.o.j.p.SpringPersistenceUnitInfo      : No LoadTimeWeaver setup: ignoring JPA class transformer
2025-08-09T14:02:49.270+09:00  INFO 42684 --- [kotlin-spring-practice] [    Test worker] com.zaxxer.hikari.HikariDataSource       : HikariPool-2 - Starting...
2025-08-09T14:02:49.272+09:00  INFO 42684 --- [kotlin-spring-practice] [    Test worker] com.zaxxer.hikari.pool.HikariPool        : HikariPool-2 - Added connection conn10: url=jdbc:h2:mem:testdb user=SA
2025-08-09T14:02:49.273+09:00  INFO 42684 --- [kotlin-spring-practice] [    Test worker] com.zaxxer.hikari.HikariDataSource       : HikariPool-2 - Start completed.
2025-08-09T14:02:49.274+09:00  WARN 42684 --- [kotlin-spring-practice] [    Test worker] org.hibernate.orm.deprecation            : HHH90000025: H2Dialect does not need to be specified explicitly using 'hibernate.dialect' (remove the property setting and it will be selected by default)
2025-08-09T14:02:49.302+09:00  INFO 42684 --- [kotlin-spring-practice] [    Test worker] o.h.e.t.j.p.i.JtaPlatformInitiator       : HHH000489: No JTA platform available (set 'hibernate.transaction.jta.platform' to enable JTA platform integration)
Hibernate: 
    drop table if exists users cascade 
Hibernate: 
    create table users (
        age integer,
        id bigint generated by default as identity,
        email varchar(255) not null unique,
        name varchar(255) not null,
        primary key (id)
    )
2025-08-09T14:02:49.309+09:00  INFO 42684 --- [kotlin-spring-practice] [    Test worker] j.LocalContainerEntityManagerFactoryBean : Initialized JPA EntityManagerFactory for persistence unit 'default'
2025-08-09T14:02:49.436+09:00  WARN 42684 --- [kotlin-spring-practice] [    Test worker] JpaBaseConfiguration$JpaWebConfiguration : spring.jpa.open-in-view is enabled by default. Therefore, database queries may be performed during view rendering. Explicitly configure spring.jpa.open-in-view to disable this warning
2025-08-09T14:02:49.474+09:00 DEBUG 42684 --- [kotlin-spring-practice] [    Test worker] s.w.s.m.m.a.RequestMappingHandlerMapping : 10 mappings in 'requestMappingHandlerMapping'
2025-08-09T14:02:49.528+09:00 DEBUG 42684 --- [kotlin-spring-practice] [    Test worker] o.s.w.s.handler.SimpleUrlHandlerMapping  : Patterns [/webjars/**, /**] in 'resourceHandlerMapping'
2025-08-09T14:02:49.546+09:00 DEBUG 42684 --- [kotlin-spring-practice] [    Test worker] s.w.s.m.m.a.RequestMappingHandlerAdapter : ControllerAdvice beans: 0 @ModelAttribute, 0 @InitBinder, 1 RequestBodyAdvice, 1 ResponseBodyAdvice
2025-08-09T14:02:49.552+09:00 DEBUG 42684 --- [kotlin-spring-practice] [    Test worker] .m.m.a.ExceptionHandlerExceptionResolver : ControllerAdvice beans: 0 @ExceptionHandler, 1 ResponseBodyAdvice
2025-08-09T14:02:49.585+09:00  INFO 42684 --- [kotlin-spring-practice] [    Test worker] o.s.b.a.h2.H2ConsoleAutoConfiguration    : H2 console available at '/h2-console'. Database available at 'jdbc:h2:mem:testdb'
2025-08-09T14:02:49.668+09:00  INFO 42684 --- [kotlin-spring-practice] [    Test worker] o.s.b.t.m.w.SpringBootMockServletContext : Initializing Spring TestDispatcherServlet ''
2025-08-09T14:02:49.669+09:00  INFO 42684 --- [kotlin-spring-practice] [    Test worker] o.s.t.web.servlet.TestDispatcherServlet  : Initializing Servlet ''
2025-08-09T14:02:49.674+09:00  INFO 42684 --- [kotlin-spring-practice] [    Test worker] o.s.t.web.servlet.TestDispatcherServlet  : Completed initialization in 1 ms
2025-08-09T14:02:49.685+09:00  INFO 42684 --- [kotlin-spring-practice] [    Test worker] c.e.k.controller.HelloControllerTest     : Started HelloControllerTest in 0.81 seconds (process running for 8.998)
2025-08-09T14:02:49.766+09:00 DEBUG 42684 --- [kotlin-spring-practice] [    Test worker] s.w.s.m.m.a.RequestMappingHandlerMapping : Mapped to com.example.kotlinspringpractice.controller.HelloController#health()
2025-08-09T14:02:49.812+09:00 DEBUG 42684 --- [kotlin-spring-practice] [    Test worker] m.m.a.RequestResponseBodyMethodProcessor : Using 'application/json', given [*/*] and supported [application/json, application/*+json]
2025-08-09T14:02:49.814+09:00 DEBUG 42684 --- [kotlin-spring-practice] [    Test worker] m.m.a.RequestResponseBodyMethodProcessor : Writing [{status=UP, message=Application is running}]
2025-08-09T14:02:49.928+09:00 DEBUG 42684 --- [kotlin-spring-practice] [    Test worker] s.w.s.m.m.a.RequestMappingHandlerMapping : Mapped to com.example.kotlinspringpractice.controller.HelloController#hello()
2025-08-09T14:02:49.930+09:00 DEBUG 42684 --- [kotlin-spring-practice] [    Test worker] m.m.a.RequestResponseBodyMethodProcessor : Using 'text/plain', given [*/*] and supported [text/plain, */*, application/json, application/*+json]
2025-08-09T14:02:49.930+09:00 DEBUG 42684 --- [kotlin-spring-practice] [    Test worker] m.m.a.RequestResponseBodyMethodProcessor : Writing ["Hello, Kotlin Spring Boot!"]
]]></system-out>
  <system-err><![CDATA[]]></system-err>
</testsuite>
