<?xml version="1.0" encoding="UTF-8"?>
<testsuite name="com.example.kotlinspringpractice.KotlinSpringPracticeApplicationTests" tests="1" skipped="0" failures="0" errors="0" timestamp="2025-08-09T05:02:48" hostname="SYM-PC" time="0.604">
  <properties/>
  <testcase name="contextLoads()" classname="com.example.kotlinspringpractice.KotlinSpringPracticeApplicationTests" time="0.604"/>
  <system-out><![CDATA[14:02:42.058 [Test worker] INFO org.springframework.test.context.support.AnnotationConfigContextLoaderUtils -- Could not detect default configuration classes for test class [com.example.kotlinspringpractice.KotlinSpringPracticeApplicationTests]: KotlinSpringPracticeApplicationTests does not declare any static, non-private, non-final, nested classes annotated with @Configuration.
14:02:42.191 [Test worker] INFO org.springframework.boot.test.context.SpringBootTestContextBootstrapper -- Found @SpringBootConfiguration com.example.kotlinspringpractice.KotlinSpringPracticeApplication for test class com.example.kotlinspringpractice.KotlinSpringPracticeApplicationTests

  .   ____          _            __ _ _
 /\\ / ___'_ __ _ _(_)_ __  __ _ \ \ \ \
( ( )\___ | '_ | '_| | '_ \/ _` | \ \ \ \
 \\/  ___)| |_)| | | | | || (_| |  ) ) ) )
  '  |____| .__|_| |_|_| |_\__, | / / / /
 =========|_|==============|___/=/_/_/_/
 :: Spring Boot ::                (v3.2.0)

2025-08-09T14:02:42.845+09:00  INFO 42684 --- [kotlin-spring-practice] [    Test worker] e.k.KotlinSpringPracticeApplicationTests : Starting KotlinSpringPracticeApplicationTests using Java 21.0.2 with PID 42684 (started by sympa in D:\dev_git\kotlin-spring-practice)
2025-08-09T14:02:42.847+09:00 DEBUG 42684 --- [kotlin-spring-practice] [    Test worker] e.k.KotlinSpringPracticeApplicationTests : Running with Spring Boot v3.2.0, Spring v6.1.1
2025-08-09T14:02:42.847+09:00  INFO 42684 --- [kotlin-spring-practice] [    Test worker] e.k.KotlinSpringPracticeApplicationTests : No active profile set, falling back to 1 default profile: "default"
2025-08-09T14:02:42.905+09:00 DEBUG 42684 --- [kotlin-spring-practice] [    Test worker] o.s.w.c.s.GenericWebApplicationContext   : Refreshing org.springframework.web.context.support.GenericWebApplicationContext@5bb7643d
2025-08-09T14:02:43.778+09:00  INFO 42684 --- [kotlin-spring-practice] [    Test worker] .s.d.r.c.RepositoryConfigurationDelegate : Bootstrapping Spring Data JPA repositories in DEFAULT mode.
2025-08-09T14:02:43.900+09:00  INFO 42684 --- [kotlin-spring-practice] [    Test worker] .s.d.r.c.RepositoryConfigurationDelegate : Finished Spring Data repository scanning in 95 ms. Found 1 JPA repository interface.
2025-08-09T14:02:44.793+09:00  INFO 42684 --- [kotlin-spring-practice] [    Test worker] o.hibernate.jpa.internal.util.LogHelper  : HHH000204: Processing PersistenceUnitInfo [name: default]
2025-08-09T14:02:45.016+09:00  INFO 42684 --- [kotlin-spring-practice] [    Test worker] org.hibernate.Version                    : HHH000412: Hibernate ORM core version 6.3.1.Final
2025-08-09T14:02:45.071+09:00  INFO 42684 --- [kotlin-spring-practice] [    Test worker] o.h.c.internal.RegionFactoryInitiator    : HHH000026: Second-level cache disabled
2025-08-09T14:02:45.322+09:00  INFO 42684 --- [kotlin-spring-practice] [    Test worker] o.s.o.j.p.SpringPersistenceUnitInfo      : No LoadTimeWeaver setup: ignoring JPA class transformer
2025-08-09T14:02:45.355+09:00  INFO 42684 --- [kotlin-spring-practice] [    Test worker] com.zaxxer.hikari.HikariDataSource       : HikariPool-1 - Starting...
2025-08-09T14:02:45.530+09:00  INFO 42684 --- [kotlin-spring-practice] [    Test worker] com.zaxxer.hikari.pool.HikariPool        : HikariPool-1 - Added connection conn0: url=jdbc:h2:mem:testdb user=SA
2025-08-09T14:02:45.532+09:00  INFO 42684 --- [kotlin-spring-practice] [    Test worker] com.zaxxer.hikari.HikariDataSource       : HikariPool-1 - Start completed.
2025-08-09T14:02:45.557+09:00  WARN 42684 --- [kotlin-spring-practice] [    Test worker] org.hibernate.orm.deprecation            : HHH90000025: H2Dialect does not need to be specified explicitly using 'hibernate.dialect' (remove the property setting and it will be selected by default)
2025-08-09T14:02:46.326+09:00  INFO 42684 --- [kotlin-spring-practice] [    Test worker] o.h.e.t.j.p.i.JtaPlatformInitiator       : HHH000489: No JTA platform available (set 'hibernate.transaction.jta.platform' to enable JTA platform integration)
Hibernate: 
    drop table if exists users cascade 
Hibernate: 
    create table users (
        age integer,
        id bigint generated by default as identity,
        email varchar(255) not null unique,
        name varchar(255) not null,
        primary key (id)
    )
2025-08-09T14:02:46.363+09:00  INFO 42684 --- [kotlin-spring-practice] [    Test worker] j.LocalContainerEntityManagerFactoryBean : Initialized JPA EntityManagerFactory for persistence unit 'default'
2025-08-09T14:02:47.527+09:00  WARN 42684 --- [kotlin-spring-practice] [    Test worker] JpaBaseConfiguration$JpaWebConfiguration : spring.jpa.open-in-view is enabled by default. Therefore, database queries may be performed during view rendering. Explicitly configure spring.jpa.open-in-view to disable this warning
2025-08-09T14:02:47.696+09:00 DEBUG 42684 --- [kotlin-spring-practice] [    Test worker] s.w.s.m.m.a.RequestMappingHandlerMapping : 10 mappings in 'requestMappingHandlerMapping'
2025-08-09T14:02:47.875+09:00 DEBUG 42684 --- [kotlin-spring-practice] [    Test worker] o.s.w.s.handler.SimpleUrlHandlerMapping  : Patterns [/webjars/**, /**] in 'resourceHandlerMapping'
2025-08-09T14:02:47.925+09:00 DEBUG 42684 --- [kotlin-spring-practice] [    Test worker] s.w.s.m.m.a.RequestMappingHandlerAdapter : ControllerAdvice beans: 0 @ModelAttribute, 0 @InitBinder, 1 RequestBodyAdvice, 1 ResponseBodyAdvice
2025-08-09T14:02:47.981+09:00 DEBUG 42684 --- [kotlin-spring-practice] [    Test worker] .m.m.a.ExceptionHandlerExceptionResolver : ControllerAdvice beans: 0 @ExceptionHandler, 1 ResponseBodyAdvice
2025-08-09T14:02:48.084+09:00  INFO 42684 --- [kotlin-spring-practice] [    Test worker] o.s.b.a.h2.H2ConsoleAutoConfiguration    : H2 console available at '/h2-console'. Database available at 'jdbc:h2:mem:testdb'
2025-08-09T14:02:48.200+09:00  INFO 42684 --- [kotlin-spring-practice] [    Test worker] e.k.KotlinSpringPracticeApplicationTests : Started KotlinSpringPracticeApplicationTests in 5.757 seconds (process running for 7.513)
]]></system-out>
  <system-err><![CDATA[WARNING: A Java agent has been loaded dynamically (C:\Users\sympa\.gradle\caches\modules-2\files-2.1\net.bytebuddy\byte-buddy-agent\1.14.10\90ed94ac044ea8953b224304c762316e91fd6b31\byte-buddy-agent-1.14.10.jar)
WARNING: If a serviceability tool is in use, please run with -XX:+EnableDynamicAgentLoading to hide this warning
WARNING: If a serviceability tool is not in use, please run with -Djdk.instrument.traceUsage for more information
WARNING: Dynamic loading of agents will be disallowed by default in a future release
]]></system-err>
</testsuite>
